2022-03-03 10:22:51,129 This is a Harmless debug message
2022-03-03 10:22:51,130 Information message
2022-03-03 10:22:51,130 A warning message
2022-03-03 10:22:51,130 This is an error message
2022-03-03 10:22:51,131 No Internet, Internet is down now
2022-03-03 10:22:57,572 This is a Harmless debug message
2022-03-03 10:22:57,572 Information message
2022-03-03 10:22:57,572 A warning message
2022-03-03 10:22:57,572 This is an error message
2022-03-03 10:22:57,572 No Internet, Internet is down now
2022-03-03 10:23:49,346 This is a Harmless debug message
2022-03-03 10:23:49,346 Information message
2022-03-03 10:23:49,346 A warning message
2022-03-03 10:23:49,346 This is an error message
2022-03-03 10:23:49,346 No Internet, Internet is down now
2022-03-03 10:25:52,724 This is a Harmless debug message
2022-03-03 10:25:52,724 Information message
2022-03-03 10:25:52,724 A warning message
2022-03-03 10:25:52,724 This is an error message
2022-03-03 10:25:52,724 No Internet, Internet is down now
2022-03-03 10:25:53,847 This is a Harmless debug message
2022-03-03 10:25:53,847 Information message
2022-03-03 10:25:53,848 A warning message
2022-03-03 10:25:53,848 This is an error message
2022-03-03 10:25:53,848 No Internet, Internet is down now
